2025-12-07 16:11:08,099 - __main__ - INFO - Output directory set to: C:\Users\USER\Documents\HumanSignalAI_Sessions
2025-12-07 16:11:08,105 - __main__ - INFO - Loaded configuration from configs\default.yaml
2025-12-07 16:11:08,105 - __main__ - INFO - Validating configuration...
2025-12-07 16:11:08,106 - __main__ - INFO - Configuration validated successfully
2025-12-07 16:11:08,149 - __main__ - INFO - Initializing camera 0 at 1280x720@25fps
2025-12-07 16:11:09,168 - __main__ - INFO - Successfully opened camera with DirectShow backend
2025-12-07 16:11:12,823 - __main__ - INFO - Camera initialized: 1280x720@25.0fps
2025-12-07 16:11:14,060 - __main__ - ERROR - Chart update error: 
    Invalid value of type 'builtins.str' received for the 'fillcolor' property of scatter
        Received value: 'rgba(1f77b4, 0.2)'

    The 'fillcolor' property is a color and may be specified as:
      - A hex string (e.g. '#ff0000')
      - An rgb/rgba string (e.g. 'rgb(255,0,0)')
      - An hsl/hsla string (e.g. 'hsl(0,100%,50%)')
      - An hsv/hsva string (e.g. 'hsv(0,100%,100%)')
      - A named CSS color: see https://plotly.com/python/css-colors/ for a list
2025-12-07 16:11:15,127 - __main__ - ERROR - Chart update error: 
    Invalid value of type 'builtins.str' received for the 'fillcolor' property of scatter
        Received value: 'rgba(1f77b4, 0.2)'

    The 'fillcolor' property is a color and may be specified as:
      - A hex string (e.g. '#ff0000')
      - An rgb/rgba string (e.g. 'rgb(255,0,0)')
      - An hsl/hsla string (e.g. 'hsl(0,100%,50%)')
      - An hsv/hsva string (e.g. 'hsv(0,100%,100%)')
      - A named CSS color: see https://plotly.com/python/css-colors/ for a list
2025-12-07 16:11:16,186 - __main__ - ERROR - Chart update error: 
    Invalid value of type 'builtins.str' received for the 'fillcolor' property of scatter
        Received value: 'rgba(1f77b4, 0.2)'

    The 'fillcolor' property is a color and may be specified as:
      - A hex string (e.g. '#ff0000')
      - An rgb/rgba string (e.g. 'rgb(255,0,0)')
      - An hsl/hsla string (e.g. 'hsl(0,100%,50%)')
      - An hsv/hsva string (e.g. 'hsv(0,100%,100%)')
      - A named CSS color: see https://plotly.com/python/css-colors/ for a list
2025-12-07 16:11:17,288 - __main__ - ERROR - Chart update error: 
    Invalid value of type 'builtins.str' received for the 'fillcolor' property of scatter
        Received value: 'rgba(1f77b4, 0.2)'

    The 'fillcolor' property is a color and may be specified as:
      - A hex string (e.g. '#ff0000')
      - An rgb/rgba string (e.g. 'rgb(255,0,0)')
      - An hsl/hsla string (e.g. 'hsl(0,100%,50%)')
      - An hsv/hsva string (e.g. 'hsv(0,100%,100%)')
      - A named CSS color: see https://plotly.com/python/css-colors/ for a list
2025-12-07 16:11:18,389 - __main__ - ERROR - Chart update error: 
    Invalid value of type 'builtins.str' received for the 'fillcolor' property of scatter
        Received value: 'rgba(1f77b4, 0.2)'

    The 'fillcolor' property is a color and may be specified as:
      - A hex string (e.g. '#ff0000')
      - An rgb/rgba string (e.g. 'rgb(255,0,0)')
      - An hsl/hsla string (e.g. 'hsl(0,100%,50%)')
      - An hsv/hsva string (e.g. 'hsv(0,100%,100%)')
      - A named CSS color: see https://plotly.com/python/css-colors/ for a list
2025-12-07 16:11:19,580 - __main__ - ERROR - Chart update error: 
    Invalid value of type 'builtins.str' received for the 'fillcolor' property of scatter
        Received value: 'rgba(1f77b4, 0.2)'

    The 'fillcolor' property is a color and may be specified as:
      - A hex string (e.g. '#ff0000')
      - An rgb/rgba string (e.g. 'rgb(255,0,0)')
      - An hsl/hsla string (e.g. 'hsl(0,100%,50%)')
      - An hsv/hsva string (e.g. 'hsv(0,100%,100%)')
      - A named CSS color: see https://plotly.com/python/css-colors/ for a list
2025-12-07 16:11:20,691 - __main__ - ERROR - Chart update error: 
    Invalid value of type 'builtins.str' received for the 'fillcolor' property of scatter
        Received value: 'rgba(1f77b4, 0.2)'

    The 'fillcolor' property is a color and may be specified as:
      - A hex string (e.g. '#ff0000')
      - An rgb/rgba string (e.g. 'rgb(255,0,0)')
      - An hsl/hsla string (e.g. 'hsl(0,100%,50%)')
      - An hsv/hsva string (e.g. 'hsv(0,100%,100%)')
      - A named CSS color: see https://plotly.com/python/css-colors/ for a list
2025-12-07 16:11:21,856 - __main__ - ERROR - Chart update error: 
    Invalid value of type 'builtins.str' received for the 'fillcolor' property of scatter
        Received value: 'rgba(1f77b4, 0.2)'

    The 'fillcolor' property is a color and may be specified as:
      - A hex string (e.g. '#ff0000')
      - An rgb/rgba string (e.g. 'rgb(255,0,0)')
      - An hsl/hsla string (e.g. 'hsl(0,100%,50%)')
      - An hsv/hsva string (e.g. 'hsv(0,100%,100%)')
      - A named CSS color: see https://plotly.com/python/css-colors/ for a list
2025-12-07 16:11:22,959 - __main__ - ERROR - Chart update error: 
    Invalid value of type 'builtins.str' received for the 'fillcolor' property of scatter
        Received value: 'rgba(1f77b4, 0.2)'

    The 'fillcolor' property is a color and may be specified as:
      - A hex string (e.g. '#ff0000')
      - An rgb/rgba string (e.g. 'rgb(255,0,0)')
      - An hsl/hsla string (e.g. 'hsl(0,100%,50%)')
      - An hsv/hsva string (e.g. 'hsv(0,100%,100%)')
      - A named CSS color: see https://plotly.com/python/css-colors/ for a list
2025-12-07 16:11:24,054 - __main__ - ERROR - Chart update error: 
    Invalid value of type 'builtins.str' received for the 'fillcolor' property of scatter
        Received value: 'rgba(1f77b4, 0.2)'

    The 'fillcolor' property is a color and may be specified as:
      - A hex string (e.g. '#ff0000')
      - An rgb/rgba string (e.g. 'rgb(255,0,0)')
      - An hsl/hsla string (e.g. 'hsl(0,100%,50%)')
      - An hsv/hsva string (e.g. 'hsv(0,100%,100%)')
      - A named CSS color: see https://plotly.com/python/css-colors/ for a list
2025-12-07 16:11:25,184 - __main__ - ERROR - Chart update error: 
    Invalid value of type 'builtins.str' received for the 'fillcolor' property of scatter
        Received value: 'rgba(1f77b4, 0.2)'

    The 'fillcolor' property is a color and may be specified as:
      - A hex string (e.g. '#ff0000')
      - An rgb/rgba string (e.g. 'rgb(255,0,0)')
      - An hsl/hsla string (e.g. 'hsl(0,100%,50%)')
      - An hsv/hsva string (e.g. 'hsv(0,100%,100%)')
      - A named CSS color: see https://plotly.com/python/css-colors/ for a list
2025-12-07 16:11:26,373 - __main__ - ERROR - Chart update error: 
    Invalid value of type 'builtins.str' received for the 'fillcolor' property of scatter
        Received value: 'rgba(1f77b4, 0.2)'

    The 'fillcolor' property is a color and may be specified as:
      - A hex string (e.g. '#ff0000')
      - An rgb/rgba string (e.g. 'rgb(255,0,0)')
      - An hsl/hsla string (e.g. 'hsl(0,100%,50%)')
      - An hsv/hsva string (e.g. 'hsv(0,100%,100%)')
      - A named CSS color: see https://plotly.com/python/css-colors/ for a list
2025-12-07 16:11:27,524 - __main__ - ERROR - Chart update error: 
    Invalid value of type 'builtins.str' received for the 'fillcolor' property of scatter
        Received value: 'rgba(1f77b4, 0.2)'

    The 'fillcolor' property is a color and may be specified as:
      - A hex string (e.g. '#ff0000')
      - An rgb/rgba string (e.g. 'rgb(255,0,0)')
      - An hsl/hsla string (e.g. 'hsl(0,100%,50%)')
      - An hsv/hsva string (e.g. 'hsv(0,100%,100%)')
      - A named CSS color: see https://plotly.com/python/css-colors/ for a list
2025-12-07 16:11:28,638 - __main__ - ERROR - Chart update error: 
    Invalid value of type 'builtins.str' received for the 'fillcolor' property of scatter
        Received value: 'rgba(1f77b4, 0.2)'

    The 'fillcolor' property is a color and may be specified as:
      - A hex string (e.g. '#ff0000')
      - An rgb/rgba string (e.g. 'rgb(255,0,0)')
      - An hsl/hsla string (e.g. 'hsl(0,100%,50%)')
      - An hsv/hsva string (e.g. 'hsv(0,100%,100%)')
      - A named CSS color: see https://plotly.com/python/css-colors/ for a list
2025-12-07 16:11:29,820 - __main__ - ERROR - Chart update error: 
    Invalid value of type 'builtins.str' received for the 'fillcolor' property of scatter
        Received value: 'rgba(1f77b4, 0.2)'

    The 'fillcolor' property is a color and may be specified as:
      - A hex string (e.g. '#ff0000')
      - An rgb/rgba string (e.g. 'rgb(255,0,0)')
      - An hsl/hsla string (e.g. 'hsl(0,100%,50%)')
      - An hsv/hsva string (e.g. 'hsv(0,100%,100%)')
      - A named CSS color: see https://plotly.com/python/css-colors/ for a list
2025-12-07 16:11:30,947 - __main__ - ERROR - Chart update error: 
    Invalid value of type 'builtins.str' received for the 'fillcolor' property of scatter
        Received value: 'rgba(1f77b4, 0.2)'

    The 'fillcolor' property is a color and may be specified as:
      - A hex string (e.g. '#ff0000')
      - An rgb/rgba string (e.g. 'rgb(255,0,0)')
      - An hsl/hsla string (e.g. 'hsl(0,100%,50%)')
      - An hsv/hsva string (e.g. 'hsv(0,100%,100%)')
      - A named CSS color: see https://plotly.com/python/css-colors/ for a list
2025-12-07 16:11:31,981 - __main__ - ERROR - Chart update error: 
    Invalid value of type 'builtins.str' received for the 'fillcolor' property of scatter
        Received value: 'rgba(1f77b4, 0.2)'

    The 'fillcolor' property is a color and may be specified as:
      - A hex string (e.g. '#ff0000')
      - An rgb/rgba string (e.g. 'rgb(255,0,0)')
      - An hsl/hsla string (e.g. 'hsl(0,100%,50%)')
      - An hsv/hsva string (e.g. 'hsv(0,100%,100%)')
      - A named CSS color: see https://plotly.com/python/css-colors/ for a list
2025-12-07 16:11:33,059 - __main__ - ERROR - Chart update error: 
    Invalid value of type 'builtins.str' received for the 'fillcolor' property of scatter
        Received value: 'rgba(1f77b4, 0.2)'

    The 'fillcolor' property is a color and may be specified as:
      - A hex string (e.g. '#ff0000')
      - An rgb/rgba string (e.g. 'rgb(255,0,0)')
      - An hsl/hsla string (e.g. 'hsl(0,100%,50%)')
      - An hsv/hsva string (e.g. 'hsv(0,100%,100%)')
      - A named CSS color: see https://plotly.com/python/css-colors/ for a list
2025-12-07 16:11:34,165 - __main__ - ERROR - Chart update error: 
    Invalid value of type 'builtins.str' received for the 'fillcolor' property of scatter
        Received value: 'rgba(1f77b4, 0.2)'

    The 'fillcolor' property is a color and may be specified as:
      - A hex string (e.g. '#ff0000')
      - An rgb/rgba string (e.g. 'rgb(255,0,0)')
      - An hsl/hsla string (e.g. 'hsl(0,100%,50%)')
      - An hsv/hsva string (e.g. 'hsv(0,100%,100%)')
      - A named CSS color: see https://plotly.com/python/css-colors/ for a list
2025-12-07 16:11:35,351 - __main__ - ERROR - Chart update error: 
    Invalid value of type 'builtins.str' received for the 'fillcolor' property of scatter
        Received value: 'rgba(1f77b4, 0.2)'

    The 'fillcolor' property is a color and may be specified as:
      - A hex string (e.g. '#ff0000')
      - An rgb/rgba string (e.g. 'rgb(255,0,0)')
      - An hsl/hsla string (e.g. 'hsl(0,100%,50%)')
      - An hsv/hsva string (e.g. 'hsv(0,100%,100%)')
      - A named CSS color: see https://plotly.com/python/css-colors/ for a list
2025-12-07 16:11:36,374 - __main__ - ERROR - Chart update error: 
    Invalid value of type 'builtins.str' received for the 'fillcolor' property of scatter
        Received value: 'rgba(1f77b4, 0.2)'

    The 'fillcolor' property is a color and may be specified as:
      - A hex string (e.g. '#ff0000')
      - An rgb/rgba string (e.g. 'rgb(255,0,0)')
      - An hsl/hsla string (e.g. 'hsl(0,100%,50%)')
      - An hsv/hsva string (e.g. 'hsv(0,100%,100%)')
      - A named CSS color: see https://plotly.com/python/css-colors/ for a list
2025-12-07 16:11:37,389 - __main__ - ERROR - Chart update error: 
    Invalid value of type 'builtins.str' received for the 'fillcolor' property of scatter
        Received value: 'rgba(1f77b4, 0.2)'

    The 'fillcolor' property is a color and may be specified as:
      - A hex string (e.g. '#ff0000')
      - An rgb/rgba string (e.g. 'rgb(255,0,0)')
      - An hsl/hsla string (e.g. 'hsl(0,100%,50%)')
      - An hsv/hsva string (e.g. 'hsv(0,100%,100%)')
      - A named CSS color: see https://plotly.com/python/css-colors/ for a list
2025-12-07 16:11:38,393 - __main__ - ERROR - Chart update error: 
    Invalid value of type 'builtins.str' received for the 'fillcolor' property of scatter
        Received value: 'rgba(1f77b4, 0.2)'

    The 'fillcolor' property is a color and may be specified as:
      - A hex string (e.g. '#ff0000')
      - An rgb/rgba string (e.g. 'rgb(255,0,0)')
      - An hsl/hsla string (e.g. 'hsl(0,100%,50%)')
      - An hsv/hsva string (e.g. 'hsv(0,100%,100%)')
      - A named CSS color: see https://plotly.com/python/css-colors/ for a list
2025-12-07 16:11:39,404 - __main__ - ERROR - Chart update error: 
    Invalid value of type 'builtins.str' received for the 'fillcolor' property of scatter
        Received value: 'rgba(1f77b4, 0.2)'

    The 'fillcolor' property is a color and may be specified as:
      - A hex string (e.g. '#ff0000')
      - An rgb/rgba string (e.g. 'rgb(255,0,0)')
      - An hsl/hsla string (e.g. 'hsl(0,100%,50%)')
      - An hsv/hsva string (e.g. 'hsv(0,100%,100%)')
      - A named CSS color: see https://plotly.com/python/css-colors/ for a list
2025-12-07 16:11:40,474 - __main__ - ERROR - Chart update error: 
    Invalid value of type 'builtins.str' received for the 'fillcolor' property of scatter
        Received value: 'rgba(1f77b4, 0.2)'

    The 'fillcolor' property is a color and may be specified as:
      - A hex string (e.g. '#ff0000')
      - An rgb/rgba string (e.g. 'rgb(255,0,0)')
      - An hsl/hsla string (e.g. 'hsl(0,100%,50%)')
      - An hsv/hsva string (e.g. 'hsv(0,100%,100%)')
      - A named CSS color: see https://plotly.com/python/css-colors/ for a list
2025-12-07 16:11:41,551 - __main__ - ERROR - Chart update error: 
    Invalid value of type 'builtins.str' received for the 'fillcolor' property of scatter
        Received value: 'rgba(1f77b4, 0.2)'

    The 'fillcolor' property is a color and may be specified as:
      - A hex string (e.g. '#ff0000')
      - An rgb/rgba string (e.g. 'rgb(255,0,0)')
      - An hsl/hsla string (e.g. 'hsl(0,100%,50%)')
      - An hsv/hsva string (e.g. 'hsv(0,100%,100%)')
      - A named CSS color: see https://plotly.com/python/css-colors/ for a list
2025-12-07 16:11:42,882 - __main__ - ERROR - Chart update error: 
    Invalid value of type 'builtins.str' received for the 'fillcolor' property of scatter
        Received value: 'rgba(1f77b4, 0.2)'

    The 'fillcolor' property is a color and may be specified as:
      - A hex string (e.g. '#ff0000')
      - An rgb/rgba string (e.g. 'rgb(255,0,0)')
      - An hsl/hsla string (e.g. 'hsl(0,100%,50%)')
      - An hsv/hsva string (e.g. 'hsv(0,100%,100%)')
      - A named CSS color: see https://plotly.com/python/css-colors/ for a list
2025-12-07 16:11:44,216 - __main__ - ERROR - Chart update error: 
    Invalid value of type 'builtins.str' received for the 'fillcolor' property of scatter
        Received value: 'rgba(1f77b4, 0.2)'

    The 'fillcolor' property is a color and may be specified as:
      - A hex string (e.g. '#ff0000')
      - An rgb/rgba string (e.g. 'rgb(255,0,0)')
      - An hsl/hsla string (e.g. 'hsl(0,100%,50%)')
      - An hsv/hsva string (e.g. 'hsv(0,100%,100%)')
      - A named CSS color: see https://plotly.com/python/css-colors/ for a list
2025-12-07 16:11:45,719 - __main__ - ERROR - Chart update error: 
    Invalid value of type 'builtins.str' received for the 'fillcolor' property of scatter
        Received value: 'rgba(1f77b4, 0.2)'

    The 'fillcolor' property is a color and may be specified as:
      - A hex string (e.g. '#ff0000')
      - An rgb/rgba string (e.g. 'rgb(255,0,0)')
      - An hsl/hsla string (e.g. 'hsl(0,100%,50%)')
      - An hsv/hsva string (e.g. 'hsv(0,100%,100%)')
      - A named CSS color: see https://plotly.com/python/css-colors/ for a list
2025-12-07 16:11:46,947 - __main__ - ERROR - Chart update error: 
    Invalid value of type 'builtins.str' received for the 'fillcolor' property of scatter
        Received value: 'rgba(1f77b4, 0.2)'

    The 'fillcolor' property is a color and may be specified as:
      - A hex string (e.g. '#ff0000')
      - An rgb/rgba string (e.g. 'rgb(255,0,0)')
      - An hsl/hsla string (e.g. 'hsl(0,100%,50%)')
      - An hsv/hsva string (e.g. 'hsv(0,100%,100%)')
      - A named CSS color: see https://plotly.com/python/css-colors/ for a list
2025-12-07 16:11:48,052 - __main__ - ERROR - Chart update error: 
    Invalid value of type 'builtins.str' received for the 'fillcolor' property of scatter
        Received value: 'rgba(1f77b4, 0.2)'

    The 'fillcolor' property is a color and may be specified as:
      - A hex string (e.g. '#ff0000')
      - An rgb/rgba string (e.g. 'rgb(255,0,0)')
      - An hsl/hsla string (e.g. 'hsl(0,100%,50%)')
      - An hsv/hsva string (e.g. 'hsv(0,100%,100%)')
      - A named CSS color: see https://plotly.com/python/css-colors/ for a list
2025-12-07 16:11:49,085 - __main__ - ERROR - Chart update error: 
    Invalid value of type 'builtins.str' received for the 'fillcolor' property of scatter
        Received value: 'rgba(1f77b4, 0.2)'

    The 'fillcolor' property is a color and may be specified as:
      - A hex string (e.g. '#ff0000')
      - An rgb/rgba string (e.g. 'rgb(255,0,0)')
      - An hsl/hsla string (e.g. 'hsl(0,100%,50%)')
      - An hsv/hsva string (e.g. 'hsv(0,100%,100%)')
      - A named CSS color: see https://plotly.com/python/css-colors/ for a list
2025-12-07 16:11:50,108 - __main__ - ERROR - Chart update error: 
    Invalid value of type 'builtins.str' received for the 'fillcolor' property of scatter
        Received value: 'rgba(1f77b4, 0.2)'

    The 'fillcolor' property is a color and may be specified as:
      - A hex string (e.g. '#ff0000')
      - An rgb/rgba string (e.g. 'rgb(255,0,0)')
      - An hsl/hsla string (e.g. 'hsl(0,100%,50%)')
      - An hsv/hsva string (e.g. 'hsv(0,100%,100%)')
      - A named CSS color: see https://plotly.com/python/css-colors/ for a list
2025-12-07 16:11:51,113 - __main__ - ERROR - Chart update error: 
    Invalid value of type 'builtins.str' received for the 'fillcolor' property of scatter
        Received value: 'rgba(1f77b4, 0.2)'

    The 'fillcolor' property is a color and may be specified as:
      - A hex string (e.g. '#ff0000')
      - An rgb/rgba string (e.g. 'rgb(255,0,0)')
      - An hsl/hsla string (e.g. 'hsl(0,100%,50%)')
      - An hsv/hsva string (e.g. 'hsv(0,100%,100%)')
      - A named CSS color: see https://plotly.com/python/css-colors/ for a list
2025-12-07 16:11:52,248 - __main__ - ERROR - Chart update error: 
    Invalid value of type 'builtins.str' received for the 'fillcolor' property of scatter
        Received value: 'rgba(1f77b4, 0.2)'

    The 'fillcolor' property is a color and may be specified as:
      - A hex string (e.g. '#ff0000')
      - An rgb/rgba string (e.g. 'rgb(255,0,0)')
      - An hsl/hsla string (e.g. 'hsl(0,100%,50%)')
      - An hsv/hsva string (e.g. 'hsv(0,100%,100%)')
      - A named CSS color: see https://plotly.com/python/css-colors/ for a list
2025-12-07 16:11:53,772 - __main__ - ERROR - Chart update error: 
    Invalid value of type 'builtins.str' received for the 'fillcolor' property of scatter
        Received value: 'rgba(1f77b4, 0.2)'

    The 'fillcolor' property is a color and may be specified as:
      - A hex string (e.g. '#ff0000')
      - An rgb/rgba string (e.g. 'rgb(255,0,0)')
      - An hsl/hsla string (e.g. 'hsl(0,100%,50%)')
      - An hsv/hsva string (e.g. 'hsv(0,100%,100%)')
      - A named CSS color: see https://plotly.com/python/css-colors/ for a list
2025-12-07 16:11:55,291 - __main__ - ERROR - Chart update error: 
    Invalid value of type 'builtins.str' received for the 'fillcolor' property of scatter
        Received value: 'rgba(1f77b4, 0.2)'

    The 'fillcolor' property is a color and may be specified as:
      - A hex string (e.g. '#ff0000')
      - An rgb/rgba string (e.g. 'rgb(255,0,0)')
      - An hsl/hsla string (e.g. 'hsl(0,100%,50%)')
      - An hsv/hsva string (e.g. 'hsv(0,100%,100%)')
      - A named CSS color: see https://plotly.com/python/css-colors/ for a list
2025-12-07 16:11:56,305 - __main__ - ERROR - Chart update error: 
    Invalid value of type 'builtins.str' received for the 'fillcolor' property of scatter
        Received value: 'rgba(1f77b4, 0.2)'

    The 'fillcolor' property is a color and may be specified as:
      - A hex string (e.g. '#ff0000')
      - An rgb/rgba string (e.g. 'rgb(255,0,0)')
      - An hsl/hsla string (e.g. 'hsl(0,100%,50%)')
      - An hsv/hsva string (e.g. 'hsv(0,100%,100%)')
      - A named CSS color: see https://plotly.com/python/css-colors/ for a list
2025-12-07 16:11:57,450 - __main__ - ERROR - Chart update error: 
    Invalid value of type 'builtins.str' received for the 'fillcolor' property of scatter
        Received value: 'rgba(1f77b4, 0.2)'

    The 'fillcolor' property is a color and may be specified as:
      - A hex string (e.g. '#ff0000')
      - An rgb/rgba string (e.g. 'rgb(255,0,0)')
      - An hsl/hsla string (e.g. 'hsl(0,100%,50%)')
      - An hsv/hsva string (e.g. 'hsv(0,100%,100%)')
      - A named CSS color: see https://plotly.com/python/css-colors/ for a list
2025-12-07 16:11:58,462 - __main__ - ERROR - Chart update error: 
    Invalid value of type 'builtins.str' received for the 'fillcolor' property of scatter
        Received value: 'rgba(1f77b4, 0.2)'

    The 'fillcolor' property is a color and may be specified as:
      - A hex string (e.g. '#ff0000')
      - An rgb/rgba string (e.g. 'rgb(255,0,0)')
      - An hsl/hsla string (e.g. 'hsl(0,100%,50%)')
      - An hsv/hsva string (e.g. 'hsv(0,100%,100%)')
      - A named CSS color: see https://plotly.com/python/css-colors/ for a list
2025-12-07 16:11:59,556 - __main__ - ERROR - Chart update error: 
    Invalid value of type 'builtins.str' received for the 'fillcolor' property of scatter
        Received value: 'rgba(1f77b4, 0.2)'

    The 'fillcolor' property is a color and may be specified as:
      - A hex string (e.g. '#ff0000')
      - An rgb/rgba string (e.g. 'rgb(255,0,0)')
      - An hsl/hsla string (e.g. 'hsl(0,100%,50%)')
      - An hsv/hsva string (e.g. 'hsv(0,100%,100%)')
      - A named CSS color: see https://plotly.com/python/css-colors/ for a list
2025-12-07 16:12:00,629 - __main__ - ERROR - Chart update error: 
    Invalid value of type 'builtins.str' received for the 'fillcolor' property of scatter
        Received value: 'rgba(1f77b4, 0.2)'

    The 'fillcolor' property is a color and may be specified as:
      - A hex string (e.g. '#ff0000')
      - An rgb/rgba string (e.g. 'rgb(255,0,0)')
      - An hsl/hsla string (e.g. 'hsl(0,100%,50%)')
      - An hsv/hsva string (e.g. 'hsv(0,100%,100%)')
      - A named CSS color: see https://plotly.com/python/css-colors/ for a list
2025-12-07 16:12:01,688 - __main__ - ERROR - Chart update error: 
    Invalid value of type 'builtins.str' received for the 'fillcolor' property of scatter
        Received value: 'rgba(1f77b4, 0.2)'

    The 'fillcolor' property is a color and may be specified as:
      - A hex string (e.g. '#ff0000')
      - An rgb/rgba string (e.g. 'rgb(255,0,0)')
      - An hsl/hsla string (e.g. 'hsl(0,100%,50%)')
      - An hsv/hsva string (e.g. 'hsv(0,100%,100%)')
      - A named CSS color: see https://plotly.com/python/css-colors/ for a list
2025-12-07 16:12:02,796 - __main__ - ERROR - Chart update error: 
    Invalid value of type 'builtins.str' received for the 'fillcolor' property of scatter
        Received value: 'rgba(1f77b4, 0.2)'

    The 'fillcolor' property is a color and may be specified as:
      - A hex string (e.g. '#ff0000')
      - An rgb/rgba string (e.g. 'rgb(255,0,0)')
      - An hsl/hsla string (e.g. 'hsl(0,100%,50%)')
      - An hsv/hsva string (e.g. 'hsv(0,100%,100%)')
      - A named CSS color: see https://plotly.com/python/css-colors/ for a list
2025-12-07 16:12:03,881 - __main__ - ERROR - Chart update error: 
    Invalid value of type 'builtins.str' received for the 'fillcolor' property of scatter
        Received value: 'rgba(1f77b4, 0.2)'

    The 'fillcolor' property is a color and may be specified as:
      - A hex string (e.g. '#ff0000')
      - An rgb/rgba string (e.g. 'rgb(255,0,0)')
      - An hsl/hsla string (e.g. 'hsl(0,100%,50%)')
      - An hsv/hsva string (e.g. 'hsv(0,100%,100%)')
      - A named CSS color: see https://plotly.com/python/css-colors/ for a list
2025-12-07 16:12:04,882 - __main__ - ERROR - Chart update error: 
    Invalid value of type 'builtins.str' received for the 'fillcolor' property of scatter
        Received value: 'rgba(1f77b4, 0.2)'

    The 'fillcolor' property is a color and may be specified as:
      - A hex string (e.g. '#ff0000')
      - An rgb/rgba string (e.g. 'rgb(255,0,0)')
      - An hsl/hsla string (e.g. 'hsl(0,100%,50%)')
      - An hsv/hsva string (e.g. 'hsv(0,100%,100%)')
      - A named CSS color: see https://plotly.com/python/css-colors/ for a list
2025-12-07 16:12:05,884 - __main__ - ERROR - Chart update error: 
    Invalid value of type 'builtins.str' received for the 'fillcolor' property of scatter
        Received value: 'rgba(1f77b4, 0.2)'

    The 'fillcolor' property is a color and may be specified as:
      - A hex string (e.g. '#ff0000')
      - An rgb/rgba string (e.g. 'rgb(255,0,0)')
      - An hsl/hsla string (e.g. 'hsl(0,100%,50%)')
      - An hsv/hsva string (e.g. 'hsv(0,100%,100%)')
      - A named CSS color: see https://plotly.com/python/css-colors/ for a list
2025-12-07 16:12:06,935 - __main__ - ERROR - Chart update error: 
    Invalid value of type 'builtins.str' received for the 'fillcolor' property of scatter
        Received value: 'rgba(1f77b4, 0.2)'

    The 'fillcolor' property is a color and may be specified as:
      - A hex string (e.g. '#ff0000')
      - An rgb/rgba string (e.g. 'rgb(255,0,0)')
      - An hsl/hsla string (e.g. 'hsl(0,100%,50%)')
      - An hsv/hsva string (e.g. 'hsv(0,100%,100%)')
      - A named CSS color: see https://plotly.com/python/css-colors/ for a list
2025-12-07 16:12:08,019 - __main__ - ERROR - Chart update error: 
    Invalid value of type 'builtins.str' received for the 'fillcolor' property of scatter
        Received value: 'rgba(1f77b4, 0.2)'

    The 'fillcolor' property is a color and may be specified as:
      - A hex string (e.g. '#ff0000')
      - An rgb/rgba string (e.g. 'rgb(255,0,0)')
      - An hsl/hsla string (e.g. 'hsl(0,100%,50%)')
      - An hsv/hsva string (e.g. 'hsv(0,100%,100%)')
      - A named CSS color: see https://plotly.com/python/css-colors/ for a list
2025-12-07 16:12:09,113 - __main__ - ERROR - Chart update error: 
    Invalid value of type 'builtins.str' received for the 'fillcolor' property of scatter
        Received value: 'rgba(1f77b4, 0.2)'

    The 'fillcolor' property is a color and may be specified as:
      - A hex string (e.g. '#ff0000')
      - An rgb/rgba string (e.g. 'rgb(255,0,0)')
      - An hsl/hsla string (e.g. 'hsl(0,100%,50%)')
      - An hsv/hsva string (e.g. 'hsv(0,100%,100%)')
      - A named CSS color: see https://plotly.com/python/css-colors/ for a list
2025-12-07 16:12:10,200 - __main__ - ERROR - Chart update error: 
    Invalid value of type 'builtins.str' received for the 'fillcolor' property of scatter
        Received value: 'rgba(1f77b4, 0.2)'

    The 'fillcolor' property is a color and may be specified as:
      - A hex string (e.g. '#ff0000')
      - An rgb/rgba string (e.g. 'rgb(255,0,0)')
      - An hsl/hsla string (e.g. 'hsl(0,100%,50%)')
      - An hsv/hsva string (e.g. 'hsv(0,100%,100%)')
      - A named CSS color: see https://plotly.com/python/css-colors/ for a list
2025-12-07 16:12:11,299 - __main__ - ERROR - Chart update error: 
    Invalid value of type 'builtins.str' received for the 'fillcolor' property of scatter
        Received value: 'rgba(1f77b4, 0.2)'

    The 'fillcolor' property is a color and may be specified as:
      - A hex string (e.g. '#ff0000')
      - An rgb/rgba string (e.g. 'rgb(255,0,0)')
      - An hsl/hsla string (e.g. 'hsl(0,100%,50%)')
      - An hsv/hsva string (e.g. 'hsv(0,100%,100%)')
      - A named CSS color: see https://plotly.com/python/css-colors/ for a list
2025-12-07 16:12:12,431 - __main__ - ERROR - Chart update error: 
    Invalid value of type 'builtins.str' received for the 'fillcolor' property of scatter
        Received value: 'rgba(1f77b4, 0.2)'

    The 'fillcolor' property is a color and may be specified as:
      - A hex string (e.g. '#ff0000')
      - An rgb/rgba string (e.g. 'rgb(255,0,0)')
      - An hsl/hsla string (e.g. 'hsl(0,100%,50%)')
      - An hsv/hsva string (e.g. 'hsv(0,100%,100%)')
      - A named CSS color: see https://plotly.com/python/css-colors/ for a list
2025-12-07 16:12:13,604 - __main__ - ERROR - Chart update error: 
    Invalid value of type 'builtins.str' received for the 'fillcolor' property of scatter
        Received value: 'rgba(1f77b4, 0.2)'

    The 'fillcolor' property is a color and may be specified as:
      - A hex string (e.g. '#ff0000')
      - An rgb/rgba string (e.g. 'rgb(255,0,0)')
      - An hsl/hsla string (e.g. 'hsl(0,100%,50%)')
      - An hsv/hsva string (e.g. 'hsv(0,100%,100%)')
      - A named CSS color: see https://plotly.com/python/css-colors/ for a list
2025-12-07 16:12:15,138 - __main__ - ERROR - Chart update error: 
    Invalid value of type 'builtins.str' received for the 'fillcolor' property of scatter
        Received value: 'rgba(1f77b4, 0.2)'

    The 'fillcolor' property is a color and may be specified as:
      - A hex string (e.g. '#ff0000')
      - An rgb/rgba string (e.g. 'rgb(255,0,0)')
      - An hsl/hsla string (e.g. 'hsl(0,100%,50%)')
      - An hsv/hsva string (e.g. 'hsv(0,100%,100%)')
      - A named CSS color: see https://plotly.com/python/css-colors/ for a list
2025-12-07 16:12:16,723 - __main__ - ERROR - Chart update error: 
    Invalid value of type 'builtins.str' received for the 'fillcolor' property of scatter
        Received value: 'rgba(1f77b4, 0.2)'

    The 'fillcolor' property is a color and may be specified as:
      - A hex string (e.g. '#ff0000')
      - An rgb/rgba string (e.g. 'rgb(255,0,0)')
      - An hsl/hsla string (e.g. 'hsl(0,100%,50%)')
      - An hsv/hsva string (e.g. 'hsv(0,100%,100%)')
      - A named CSS color: see https://plotly.com/python/css-colors/ for a list
2025-12-07 16:12:18,254 - __main__ - ERROR - Chart update error: 
    Invalid value of type 'builtins.str' received for the 'fillcolor' property of scatter
        Received value: 'rgba(1f77b4, 0.2)'

    The 'fillcolor' property is a color and may be specified as:
      - A hex string (e.g. '#ff0000')
      - An rgb/rgba string (e.g. 'rgb(255,0,0)')
      - An hsl/hsla string (e.g. 'hsl(0,100%,50%)')
      - An hsv/hsva string (e.g. 'hsv(0,100%,100%)')
      - A named CSS color: see https://plotly.com/python/css-colors/ for a list
2025-12-07 16:12:19,615 - __main__ - ERROR - Chart update error: 
    Invalid value of type 'builtins.str' received for the 'fillcolor' property of scatter
        Received value: 'rgba(1f77b4, 0.2)'

    The 'fillcolor' property is a color and may be specified as:
      - A hex string (e.g. '#ff0000')
      - An rgb/rgba string (e.g. 'rgb(255,0,0)')
      - An hsl/hsla string (e.g. 'hsl(0,100%,50%)')
      - An hsv/hsva string (e.g. 'hsv(0,100%,100%)')
      - A named CSS color: see https://plotly.com/python/css-colors/ for a list
2025-12-07 16:12:21,150 - __main__ - ERROR - Chart update error: 
    Invalid value of type 'builtins.str' received for the 'fillcolor' property of scatter
        Received value: 'rgba(1f77b4, 0.2)'

    The 'fillcolor' property is a color and may be specified as:
      - A hex string (e.g. '#ff0000')
      - An rgb/rgba string (e.g. 'rgb(255,0,0)')
      - An hsl/hsla string (e.g. 'hsl(0,100%,50%)')
      - An hsv/hsva string (e.g. 'hsv(0,100%,100%)')
      - A named CSS color: see https://plotly.com/python/css-colors/ for a list
2025-12-07 16:12:22,678 - __main__ - ERROR - Chart update error: 
    Invalid value of type 'builtins.str' received for the 'fillcolor' property of scatter
        Received value: 'rgba(1f77b4, 0.2)'

    The 'fillcolor' property is a color and may be specified as:
      - A hex string (e.g. '#ff0000')
      - An rgb/rgba string (e.g. 'rgb(255,0,0)')
      - An hsl/hsla string (e.g. 'hsl(0,100%,50%)')
      - An hsv/hsva string (e.g. 'hsv(0,100%,100%)')
      - A named CSS color: see https://plotly.com/python/css-colors/ for a list
2025-12-07 16:12:24,226 - __main__ - ERROR - Chart update error: 
    Invalid value of type 'builtins.str' received for the 'fillcolor' property of scatter
        Received value: 'rgba(1f77b4, 0.2)'

    The 'fillcolor' property is a color and may be specified as:
      - A hex string (e.g. '#ff0000')
      - An rgb/rgba string (e.g. 'rgb(255,0,0)')
      - An hsl/hsla string (e.g. 'hsl(0,100%,50%)')
      - An hsv/hsva string (e.g. 'hsv(0,100%,100%)')
      - A named CSS color: see https://plotly.com/python/css-colors/ for a list
2025-12-07 16:12:25,590 - __main__ - ERROR - Chart update error: 
    Invalid value of type 'builtins.str' received for the 'fillcolor' property of scatter
        Received value: 'rgba(1f77b4, 0.2)'

    The 'fillcolor' property is a color and may be specified as:
      - A hex string (e.g. '#ff0000')
      - An rgb/rgba string (e.g. 'rgb(255,0,0)')
      - An hsl/hsla string (e.g. 'hsl(0,100%,50%)')
      - An hsv/hsva string (e.g. 'hsv(0,100%,100%)')
      - A named CSS color: see https://plotly.com/python/css-colors/ for a list
2025-12-07 16:12:26,889 - __main__ - ERROR - Chart update error: 
    Invalid value of type 'builtins.str' received for the 'fillcolor' property of scatter
        Received value: 'rgba(1f77b4, 0.2)'

    The 'fillcolor' property is a color and may be specified as:
      - A hex string (e.g. '#ff0000')
      - An rgb/rgba string (e.g. 'rgb(255,0,0)')
      - An hsl/hsla string (e.g. 'hsl(0,100%,50%)')
      - An hsv/hsva string (e.g. 'hsv(0,100%,100%)')
      - A named CSS color: see https://plotly.com/python/css-colors/ for a list
2025-12-07 16:12:28,323 - __main__ - ERROR - Chart update error: 
    Invalid value of type 'builtins.str' received for the 'fillcolor' property of scatter
        Received value: 'rgba(1f77b4, 0.2)'

    The 'fillcolor' property is a color and may be specified as:
      - A hex string (e.g. '#ff0000')
      - An rgb/rgba string (e.g. 'rgb(255,0,0)')
      - An hsl/hsla string (e.g. 'hsl(0,100%,50%)')
      - An hsv/hsva string (e.g. 'hsv(0,100%,100%)')
      - A named CSS color: see https://plotly.com/python/css-colors/ for a list
2025-12-07 16:12:29,338 - __main__ - INFO - Cleaning up resources...
2025-12-07 16:19:36,184 - __main__ - INFO - Output directory set to: C:\Users\USER\Documents\HumanSignalAI_Sessions
2025-12-07 16:19:36,186 - __main__ - INFO - Loaded configuration from configs\default.yaml
2025-12-07 16:19:36,186 - __main__ - INFO - Validating configuration...
2025-12-07 16:19:36,186 - __main__ - INFO - Configuration validated successfully
2025-12-07 16:19:36,271 - __main__ - INFO - Initializing camera 0 at 1280x720@25fps
2025-12-07 16:19:37,129 - __main__ - INFO - Successfully opened camera with DirectShow backend
2025-12-07 16:19:39,881 - __main__ - INFO - Camera initialized: 1280x720@25.0fps
2025-12-07 16:19:41,082 - __main__ - ERROR - Chart update error: 
    Invalid value of type 'builtins.str' received for the 'fillcolor' property of scatter
        Received value: 'rgba(1f77b4, 0.2)'

    The 'fillcolor' property is a color and may be specified as:
      - A hex string (e.g. '#ff0000')
      - An rgb/rgba string (e.g. 'rgb(255,0,0)')
      - An hsl/hsla string (e.g. 'hsl(0,100%,50%)')
      - An hsv/hsva string (e.g. 'hsv(0,100%,100%)')
      - A named CSS color: see https://plotly.com/python/css-colors/ for a list
2025-12-07 16:19:42,360 - __main__ - ERROR - Chart update error: 
    Invalid value of type 'builtins.str' received for the 'fillcolor' property of scatter
        Received value: 'rgba(1f77b4, 0.2)'

    The 'fillcolor' property is a color and may be specified as:
      - A hex string (e.g. '#ff0000')
      - An rgb/rgba string (e.g. 'rgb(255,0,0)')
      - An hsl/hsla string (e.g. 'hsl(0,100%,50%)')
      - An hsv/hsva string (e.g. 'hsv(0,100%,100%)')
      - A named CSS color: see https://plotly.com/python/css-colors/ for a list
2025-12-07 16:19:43,558 - __main__ - ERROR - Chart update error: 
    Invalid value of type 'builtins.str' received for the 'fillcolor' property of scatter
        Received value: 'rgba(1f77b4, 0.2)'

    The 'fillcolor' property is a color and may be specified as:
      - A hex string (e.g. '#ff0000')
      - An rgb/rgba string (e.g. 'rgb(255,0,0)')
      - An hsl/hsla string (e.g. 'hsl(0,100%,50%)')
      - An hsv/hsva string (e.g. 'hsv(0,100%,100%)')
      - A named CSS color: see https://plotly.com/python/css-colors/ for a list
2025-12-07 16:19:44,807 - __main__ - ERROR - Chart update error: 
    Invalid value of type 'builtins.str' received for the 'fillcolor' property of scatter
        Received value: 'rgba(1f77b4, 0.2)'

    The 'fillcolor' property is a color and may be specified as:
      - A hex string (e.g. '#ff0000')
      - An rgb/rgba string (e.g. 'rgb(255,0,0)')
      - An hsl/hsla string (e.g. 'hsl(0,100%,50%)')
      - An hsv/hsva string (e.g. 'hsv(0,100%,100%)')
      - A named CSS color: see https://plotly.com/python/css-colors/ for a list
2025-12-07 16:19:45,970 - __main__ - ERROR - Chart update error: 
    Invalid value of type 'builtins.str' received for the 'fillcolor' property of scatter
        Received value: 'rgba(1f77b4, 0.2)'

    The 'fillcolor' property is a color and may be specified as:
      - A hex string (e.g. '#ff0000')
      - An rgb/rgba string (e.g. 'rgb(255,0,0)')
      - An hsl/hsla string (e.g. 'hsl(0,100%,50%)')
      - An hsv/hsva string (e.g. 'hsv(0,100%,100%)')
      - A named CSS color: see https://plotly.com/python/css-colors/ for a list
2025-12-07 16:19:47,211 - __main__ - ERROR - Chart update error: 
    Invalid value of type 'builtins.str' received for the 'fillcolor' property of scatter
        Received value: 'rgba(1f77b4, 0.2)'

    The 'fillcolor' property is a color and may be specified as:
      - A hex string (e.g. '#ff0000')
      - An rgb/rgba string (e.g. 'rgb(255,0,0)')
      - An hsl/hsla string (e.g. 'hsl(0,100%,50%)')
      - An hsv/hsva string (e.g. 'hsv(0,100%,100%)')
      - A named CSS color: see https://plotly.com/python/css-colors/ for a list
2025-12-07 16:19:48,458 - __main__ - ERROR - Chart update error: 
    Invalid value of type 'builtins.str' received for the 'fillcolor' property of scatter
        Received value: 'rgba(1f77b4, 0.2)'

    The 'fillcolor' property is a color and may be specified as:
      - A hex string (e.g. '#ff0000')
      - An rgb/rgba string (e.g. 'rgb(255,0,0)')
      - An hsl/hsla string (e.g. 'hsl(0,100%,50%)')
      - An hsv/hsva string (e.g. 'hsv(0,100%,100%)')
      - A named CSS color: see https://plotly.com/python/css-colors/ for a list
2025-12-07 16:19:49,738 - __main__ - ERROR - Chart update error: 
    Invalid value of type 'builtins.str' received for the 'fillcolor' property of scatter
        Received value: 'rgba(1f77b4, 0.2)'

    The 'fillcolor' property is a color and may be specified as:
      - A hex string (e.g. '#ff0000')
      - An rgb/rgba string (e.g. 'rgb(255,0,0)')
      - An hsl/hsla string (e.g. 'hsl(0,100%,50%)')
      - An hsv/hsva string (e.g. 'hsv(0,100%,100%)')
      - A named CSS color: see https://plotly.com/python/css-colors/ for a list
2025-12-07 16:19:50,988 - __main__ - ERROR - Chart update error: 
    Invalid value of type 'builtins.str' received for the 'fillcolor' property of scatter
        Received value: 'rgba(1f77b4, 0.2)'

    The 'fillcolor' property is a color and may be specified as:
      - A hex string (e.g. '#ff0000')
      - An rgb/rgba string (e.g. 'rgb(255,0,0)')
      - An hsl/hsla string (e.g. 'hsl(0,100%,50%)')
      - An hsv/hsva string (e.g. 'hsv(0,100%,100%)')
      - A named CSS color: see https://plotly.com/python/css-colors/ for a list
2025-12-07 16:19:52,279 - __main__ - ERROR - Chart update error: 
    Invalid value of type 'builtins.str' received for the 'fillcolor' property of scatter
        Received value: 'rgba(1f77b4, 0.2)'

    The 'fillcolor' property is a color and may be specified as:
      - A hex string (e.g. '#ff0000')
      - An rgb/rgba string (e.g. 'rgb(255,0,0)')
      - An hsl/hsla string (e.g. 'hsl(0,100%,50%)')
      - An hsv/hsva string (e.g. 'hsv(0,100%,100%)')
      - A named CSS color: see https://plotly.com/python/css-colors/ for a list
2025-12-07 16:19:53,582 - __main__ - ERROR - Chart update error: 
    Invalid value of type 'builtins.str' received for the 'fillcolor' property of scatter
        Received value: 'rgba(1f77b4, 0.2)'

    The 'fillcolor' property is a color and may be specified as:
      - A hex string (e.g. '#ff0000')
      - An rgb/rgba string (e.g. 'rgb(255,0,0)')
      - An hsl/hsla string (e.g. 'hsl(0,100%,50%)')
      - An hsv/hsva string (e.g. 'hsv(0,100%,100%)')
      - A named CSS color: see https://plotly.com/python/css-colors/ for a list
2025-12-07 16:19:54,844 - __main__ - ERROR - Chart update error: 
    Invalid value of type 'builtins.str' received for the 'fillcolor' property of scatter
        Received value: 'rgba(1f77b4, 0.2)'

    The 'fillcolor' property is a color and may be specified as:
      - A hex string (e.g. '#ff0000')
      - An rgb/rgba string (e.g. 'rgb(255,0,0)')
      - An hsl/hsla string (e.g. 'hsl(0,100%,50%)')
      - An hsv/hsva string (e.g. 'hsv(0,100%,100%)')
      - A named CSS color: see https://plotly.com/python/css-colors/ for a list
2025-12-07 16:19:56,044 - __main__ - ERROR - Chart update error: 
    Invalid value of type 'builtins.str' received for the 'fillcolor' property of scatter
        Received value: 'rgba(1f77b4, 0.2)'

    The 'fillcolor' property is a color and may be specified as:
      - A hex string (e.g. '#ff0000')
      - An rgb/rgba string (e.g. 'rgb(255,0,0)')
      - An hsl/hsla string (e.g. 'hsl(0,100%,50%)')
      - An hsv/hsva string (e.g. 'hsv(0,100%,100%)')
      - A named CSS color: see https://plotly.com/python/css-colors/ for a list
2025-12-07 16:19:57,265 - __main__ - ERROR - Chart update error: 
    Invalid value of type 'builtins.str' received for the 'fillcolor' property of scatter
        Received value: 'rgba(1f77b4, 0.2)'

    The 'fillcolor' property is a color and may be specified as:
      - A hex string (e.g. '#ff0000')
      - An rgb/rgba string (e.g. 'rgb(255,0,0)')
      - An hsl/hsla string (e.g. 'hsl(0,100%,50%)')
      - An hsv/hsva string (e.g. 'hsv(0,100%,100%)')
      - A named CSS color: see https://plotly.com/python/css-colors/ for a list
2025-12-07 16:19:58,443 - __main__ - ERROR - Chart update error: 
    Invalid value of type 'builtins.str' received for the 'fillcolor' property of scatter
        Received value: 'rgba(1f77b4, 0.2)'

    The 'fillcolor' property is a color and may be specified as:
      - A hex string (e.g. '#ff0000')
      - An rgb/rgba string (e.g. 'rgb(255,0,0)')
      - An hsl/hsla string (e.g. 'hsl(0,100%,50%)')
      - An hsv/hsva string (e.g. 'hsv(0,100%,100%)')
      - A named CSS color: see https://plotly.com/python/css-colors/ for a list
2025-12-07 16:19:59,640 - __main__ - ERROR - Chart update error: 
    Invalid value of type 'builtins.str' received for the 'fillcolor' property of scatter
        Received value: 'rgba(1f77b4, 0.2)'

    The 'fillcolor' property is a color and may be specified as:
      - A hex string (e.g. '#ff0000')
      - An rgb/rgba string (e.g. 'rgb(255,0,0)')
      - An hsl/hsla string (e.g. 'hsl(0,100%,50%)')
      - An hsv/hsva string (e.g. 'hsv(0,100%,100%)')
      - A named CSS color: see https://plotly.com/python/css-colors/ for a list
2025-12-07 16:20:00,918 - __main__ - ERROR - Chart update error: 
    Invalid value of type 'builtins.str' received for the 'fillcolor' property of scatter
        Received value: 'rgba(1f77b4, 0.2)'

    The 'fillcolor' property is a color and may be specified as:
      - A hex string (e.g. '#ff0000')
      - An rgb/rgba string (e.g. 'rgb(255,0,0)')
      - An hsl/hsla string (e.g. 'hsl(0,100%,50%)')
      - An hsv/hsva string (e.g. 'hsv(0,100%,100%)')
      - A named CSS color: see https://plotly.com/python/css-colors/ for a list
2025-12-07 16:20:02,741 - __main__ - ERROR - Chart update error: 
    Invalid value of type 'builtins.str' received for the 'fillcolor' property of scatter
        Received value: 'rgba(1f77b4, 0.2)'

    The 'fillcolor' property is a color and may be specified as:
      - A hex string (e.g. '#ff0000')
      - An rgb/rgba string (e.g. 'rgb(255,0,0)')
      - An hsl/hsla string (e.g. 'hsl(0,100%,50%)')
      - An hsv/hsva string (e.g. 'hsv(0,100%,100%)')
      - A named CSS color: see https://plotly.com/python/css-colors/ for a list
2025-12-07 16:20:04,540 - __main__ - ERROR - Chart update error: 
    Invalid value of type 'builtins.str' received for the 'fillcolor' property of scatter
        Received value: 'rgba(1f77b4, 0.2)'

    The 'fillcolor' property is a color and may be specified as:
      - A hex string (e.g. '#ff0000')
      - An rgb/rgba string (e.g. 'rgb(255,0,0)')
      - An hsl/hsla string (e.g. 'hsl(0,100%,50%)')
      - An hsv/hsva string (e.g. 'hsv(0,100%,100%)')
      - A named CSS color: see https://plotly.com/python/css-colors/ for a list
2025-12-07 16:20:06,525 - __main__ - ERROR - Chart update error: 
    Invalid value of type 'builtins.str' received for the 'fillcolor' property of scatter
        Received value: 'rgba(1f77b4, 0.2)'

    The 'fillcolor' property is a color and may be specified as:
      - A hex string (e.g. '#ff0000')
      - An rgb/rgba string (e.g. 'rgb(255,0,0)')
      - An hsl/hsla string (e.g. 'hsl(0,100%,50%)')
      - An hsv/hsva string (e.g. 'hsv(0,100%,100%)')
      - A named CSS color: see https://plotly.com/python/css-colors/ for a list
2025-12-07 16:20:08,431 - __main__ - ERROR - Chart update error: 
    Invalid value of type 'builtins.str' received for the 'fillcolor' property of scatter
        Received value: 'rgba(1f77b4, 0.2)'

    The 'fillcolor' property is a color and may be specified as:
      - A hex string (e.g. '#ff0000')
      - An rgb/rgba string (e.g. 'rgb(255,0,0)')
      - An hsl/hsla string (e.g. 'hsl(0,100%,50%)')
      - An hsv/hsva string (e.g. 'hsv(0,100%,100%)')
      - A named CSS color: see https://plotly.com/python/css-colors/ for a list
2025-12-07 16:20:09,484 - __main__ - ERROR - Chart update error: 
    Invalid value of type 'builtins.str' received for the 'fillcolor' property of scatter
        Received value: 'rgba(1f77b4, 0.2)'

    The 'fillcolor' property is a color and may be specified as:
      - A hex string (e.g. '#ff0000')
      - An rgb/rgba string (e.g. 'rgb(255,0,0)')
      - An hsl/hsla string (e.g. 'hsl(0,100%,50%)')
      - An hsv/hsva string (e.g. 'hsv(0,100%,100%)')
      - A named CSS color: see https://plotly.com/python/css-colors/ for a list
2025-12-07 16:20:10,473 - __main__ - ERROR - Chart update error: 
    Invalid value of type 'builtins.str' received for the 'fillcolor' property of scatter
        Received value: 'rgba(1f77b4, 0.2)'

    The 'fillcolor' property is a color and may be specified as:
      - A hex string (e.g. '#ff0000')
      - An rgb/rgba string (e.g. 'rgb(255,0,0)')
      - An hsl/hsla string (e.g. 'hsl(0,100%,50%)')
      - An hsv/hsva string (e.g. 'hsv(0,100%,100%)')
      - A named CSS color: see https://plotly.com/python/css-colors/ for a list
2025-12-07 16:20:11,555 - __main__ - ERROR - Chart update error: 
    Invalid value of type 'builtins.str' received for the 'fillcolor' property of scatter
        Received value: 'rgba(1f77b4, 0.2)'

    The 'fillcolor' property is a color and may be specified as:
      - A hex string (e.g. '#ff0000')
      - An rgb/rgba string (e.g. 'rgb(255,0,0)')
      - An hsl/hsla string (e.g. 'hsl(0,100%,50%)')
      - An hsv/hsva string (e.g. 'hsv(0,100%,100%)')
      - A named CSS color: see https://plotly.com/python/css-colors/ for a list
2025-12-07 16:20:12,765 - __main__ - ERROR - Chart update error: 
    Invalid value of type 'builtins.str' received for the 'fillcolor' property of scatter
        Received value: 'rgba(1f77b4, 0.2)'

    The 'fillcolor' property is a color and may be specified as:
      - A hex string (e.g. '#ff0000')
      - An rgb/rgba string (e.g. 'rgb(255,0,0)')
      - An hsl/hsla string (e.g. 'hsl(0,100%,50%)')
      - An hsv/hsva string (e.g. 'hsv(0,100%,100%)')
      - A named CSS color: see https://plotly.com/python/css-colors/ for a list
2025-12-07 16:20:14,459 - __main__ - ERROR - Chart update error: 
    Invalid value of type 'builtins.str' received for the 'fillcolor' property of scatter
        Received value: 'rgba(1f77b4, 0.2)'

    The 'fillcolor' property is a color and may be specified as:
      - A hex string (e.g. '#ff0000')
      - An rgb/rgba string (e.g. 'rgb(255,0,0)')
      - An hsl/hsla string (e.g. 'hsl(0,100%,50%)')
      - An hsv/hsva string (e.g. 'hsv(0,100%,100%)')
      - A named CSS color: see https://plotly.com/python/css-colors/ for a list
2025-12-07 16:20:15,584 - __main__ - ERROR - Chart update error: 
    Invalid value of type 'builtins.str' received for the 'fillcolor' property of scatter
        Received value: 'rgba(1f77b4, 0.2)'

    The 'fillcolor' property is a color and may be specified as:
      - A hex string (e.g. '#ff0000')
      - An rgb/rgba string (e.g. 'rgb(255,0,0)')
      - An hsl/hsla string (e.g. 'hsl(0,100%,50%)')
      - An hsv/hsva string (e.g. 'hsv(0,100%,100%)')
      - A named CSS color: see https://plotly.com/python/css-colors/ for a list
2025-12-07 16:20:16,878 - __main__ - ERROR - Chart update error: 
    Invalid value of type 'builtins.str' received for the 'fillcolor' property of scatter
        Received value: 'rgba(1f77b4, 0.2)'

    The 'fillcolor' property is a color and may be specified as:
      - A hex string (e.g. '#ff0000')
      - An rgb/rgba string (e.g. 'rgb(255,0,0)')
      - An hsl/hsla string (e.g. 'hsl(0,100%,50%)')
      - An hsv/hsva string (e.g. 'hsv(0,100%,100%)')
      - A named CSS color: see https://plotly.com/python/css-colors/ for a list
2025-12-07 16:20:18,081 - __main__ - ERROR - Chart update error: 
    Invalid value of type 'builtins.str' received for the 'fillcolor' property of scatter
        Received value: 'rgba(1f77b4, 0.2)'

    The 'fillcolor' property is a color and may be specified as:
      - A hex string (e.g. '#ff0000')
      - An rgb/rgba string (e.g. 'rgb(255,0,0)')
      - An hsl/hsla string (e.g. 'hsl(0,100%,50%)')
      - An hsv/hsva string (e.g. 'hsv(0,100%,100%)')
      - A named CSS color: see https://plotly.com/python/css-colors/ for a list
2025-12-07 16:20:19,338 - __main__ - ERROR - Chart update error: 
    Invalid value of type 'builtins.str' received for the 'fillcolor' property of scatter
        Received value: 'rgba(1f77b4, 0.2)'

    The 'fillcolor' property is a color and may be specified as:
      - A hex string (e.g. '#ff0000')
      - An rgb/rgba string (e.g. 'rgb(255,0,0)')
      - An hsl/hsla string (e.g. 'hsl(0,100%,50%)')
      - An hsv/hsva string (e.g. 'hsv(0,100%,100%)')
      - A named CSS color: see https://plotly.com/python/css-colors/ for a list
2025-12-07 16:20:20,536 - __main__ - ERROR - Chart update error: 
    Invalid value of type 'builtins.str' received for the 'fillcolor' property of scatter
        Received value: 'rgba(1f77b4, 0.2)'

    The 'fillcolor' property is a color and may be specified as:
      - A hex string (e.g. '#ff0000')
      - An rgb/rgba string (e.g. 'rgb(255,0,0)')
      - An hsl/hsla string (e.g. 'hsl(0,100%,50%)')
      - An hsv/hsva string (e.g. 'hsv(0,100%,100%)')
      - A named CSS color: see https://plotly.com/python/css-colors/ for a list
2025-12-07 16:20:21,634 - __main__ - ERROR - Chart update error: 
    Invalid value of type 'builtins.str' received for the 'fillcolor' property of scatter
        Received value: 'rgba(1f77b4, 0.2)'

    The 'fillcolor' property is a color and may be specified as:
      - A hex string (e.g. '#ff0000')
      - An rgb/rgba string (e.g. 'rgb(255,0,0)')
      - An hsl/hsla string (e.g. 'hsl(0,100%,50%)')
      - An hsv/hsva string (e.g. 'hsv(0,100%,100%)')
      - A named CSS color: see https://plotly.com/python/css-colors/ for a list
2025-12-07 16:20:22,757 - __main__ - ERROR - Chart update error: 
    Invalid value of type 'builtins.str' received for the 'fillcolor' property of scatter
        Received value: 'rgba(1f77b4, 0.2)'

    The 'fillcolor' property is a color and may be specified as:
      - A hex string (e.g. '#ff0000')
      - An rgb/rgba string (e.g. 'rgb(255,0,0)')
      - An hsl/hsla string (e.g. 'hsl(0,100%,50%)')
      - An hsv/hsva string (e.g. 'hsv(0,100%,100%)')
      - A named CSS color: see https://plotly.com/python/css-colors/ for a list
2025-12-07 16:20:23,933 - __main__ - ERROR - Chart update error: 
    Invalid value of type 'builtins.str' received for the 'fillcolor' property of scatter
        Received value: 'rgba(1f77b4, 0.2)'

    The 'fillcolor' property is a color and may be specified as:
      - A hex string (e.g. '#ff0000')
      - An rgb/rgba string (e.g. 'rgb(255,0,0)')
      - An hsl/hsla string (e.g. 'hsl(0,100%,50%)')
      - An hsv/hsva string (e.g. 'hsv(0,100%,100%)')
      - A named CSS color: see https://plotly.com/python/css-colors/ for a list
2025-12-07 16:20:25,073 - __main__ - ERROR - Chart update error: 
    Invalid value of type 'builtins.str' received for the 'fillcolor' property of scatter
        Received value: 'rgba(1f77b4, 0.2)'

    The 'fillcolor' property is a color and may be specified as:
      - A hex string (e.g. '#ff0000')
      - An rgb/rgba string (e.g. 'rgb(255,0,0)')
      - An hsl/hsla string (e.g. 'hsl(0,100%,50%)')
      - An hsv/hsva string (e.g. 'hsv(0,100%,100%)')
      - A named CSS color: see https://plotly.com/python/css-colors/ for a list
2025-12-07 16:20:26,267 - __main__ - ERROR - Chart update error: 
    Invalid value of type 'builtins.str' received for the 'fillcolor' property of scatter
        Received value: 'rgba(1f77b4, 0.2)'

    The 'fillcolor' property is a color and may be specified as:
      - A hex string (e.g. '#ff0000')
      - An rgb/rgba string (e.g. 'rgb(255,0,0)')
      - An hsl/hsla string (e.g. 'hsl(0,100%,50%)')
      - An hsv/hsva string (e.g. 'hsv(0,100%,100%)')
      - A named CSS color: see https://plotly.com/python/css-colors/ for a list
2025-12-07 16:20:27,501 - __main__ - ERROR - Chart update error: 
    Invalid value of type 'builtins.str' received for the 'fillcolor' property of scatter
        Received value: 'rgba(1f77b4, 0.2)'

    The 'fillcolor' property is a color and may be specified as:
      - A hex string (e.g. '#ff0000')
      - An rgb/rgba string (e.g. 'rgb(255,0,0)')
      - An hsl/hsla string (e.g. 'hsl(0,100%,50%)')
      - An hsv/hsva string (e.g. 'hsv(0,100%,100%)')
      - A named CSS color: see https://plotly.com/python/css-colors/ for a list
2025-12-07 16:20:28,687 - __main__ - ERROR - Chart update error: 
    Invalid value of type 'builtins.str' received for the 'fillcolor' property of scatter
        Received value: 'rgba(1f77b4, 0.2)'

    The 'fillcolor' property is a color and may be specified as:
      - A hex string (e.g. '#ff0000')
      - An rgb/rgba string (e.g. 'rgb(255,0,0)')
      - An hsl/hsla string (e.g. 'hsl(0,100%,50%)')
      - An hsv/hsva string (e.g. 'hsv(0,100%,100%)')
      - A named CSS color: see https://plotly.com/python/css-colors/ for a list
2025-12-07 16:20:29,864 - __main__ - ERROR - Chart update error: 
    Invalid value of type 'builtins.str' received for the 'fillcolor' property of scatter
        Received value: 'rgba(1f77b4, 0.2)'

    The 'fillcolor' property is a color and may be specified as:
      - A hex string (e.g. '#ff0000')
      - An rgb/rgba string (e.g. 'rgb(255,0,0)')
      - An hsl/hsla string (e.g. 'hsl(0,100%,50%)')
      - An hsv/hsva string (e.g. 'hsv(0,100%,100%)')
      - A named CSS color: see https://plotly.com/python/css-colors/ for a list
2025-12-07 16:20:31,046 - __main__ - ERROR - Chart update error: 
    Invalid value of type 'builtins.str' received for the 'fillcolor' property of scatter
        Received value: 'rgba(1f77b4, 0.2)'

    The 'fillcolor' property is a color and may be specified as:
      - A hex string (e.g. '#ff0000')
      - An rgb/rgba string (e.g. 'rgb(255,0,0)')
      - An hsl/hsla string (e.g. 'hsl(0,100%,50%)')
      - An hsv/hsva string (e.g. 'hsv(0,100%,100%)')
      - A named CSS color: see https://plotly.com/python/css-colors/ for a list
2025-12-07 16:20:32,201 - __main__ - ERROR - Chart update error: 
    Invalid value of type 'builtins.str' received for the 'fillcolor' property of scatter
        Received value: 'rgba(1f77b4, 0.2)'

    The 'fillcolor' property is a color and may be specified as:
      - A hex string (e.g. '#ff0000')
      - An rgb/rgba string (e.g. 'rgb(255,0,0)')
      - An hsl/hsla string (e.g. 'hsl(0,100%,50%)')
      - An hsv/hsva string (e.g. 'hsv(0,100%,100%)')
      - A named CSS color: see https://plotly.com/python/css-colors/ for a list
2025-12-07 16:20:33,377 - __main__ - ERROR - Chart update error: 
    Invalid value of type 'builtins.str' received for the 'fillcolor' property of scatter
        Received value: 'rgba(1f77b4, 0.2)'

    The 'fillcolor' property is a color and may be specified as:
      - A hex string (e.g. '#ff0000')
      - An rgb/rgba string (e.g. 'rgb(255,0,0)')
      - An hsl/hsla string (e.g. 'hsl(0,100%,50%)')
      - An hsv/hsva string (e.g. 'hsv(0,100%,100%)')
      - A named CSS color: see https://plotly.com/python/css-colors/ for a list
2025-12-07 16:20:34,552 - __main__ - ERROR - Chart update error: 
    Invalid value of type 'builtins.str' received for the 'fillcolor' property of scatter
        Received value: 'rgba(1f77b4, 0.2)'

    The 'fillcolor' property is a color and may be specified as:
      - A hex string (e.g. '#ff0000')
      - An rgb/rgba string (e.g. 'rgb(255,0,0)')
      - An hsl/hsla string (e.g. 'hsl(0,100%,50%)')
      - An hsv/hsva string (e.g. 'hsv(0,100%,100%)')
      - A named CSS color: see https://plotly.com/python/css-colors/ for a list
2025-12-07 16:20:35,746 - __main__ - ERROR - Chart update error: 
    Invalid value of type 'builtins.str' received for the 'fillcolor' property of scatter
        Received value: 'rgba(1f77b4, 0.2)'

    The 'fillcolor' property is a color and may be specified as:
      - A hex string (e.g. '#ff0000')
      - An rgb/rgba string (e.g. 'rgb(255,0,0)')
      - An hsl/hsla string (e.g. 'hsl(0,100%,50%)')
      - An hsv/hsva string (e.g. 'hsv(0,100%,100%)')
      - A named CSS color: see https://plotly.com/python/css-colors/ for a list
2025-12-07 16:20:36,918 - __main__ - ERROR - Chart update error: 
    Invalid value of type 'builtins.str' received for the 'fillcolor' property of scatter
        Received value: 'rgba(1f77b4, 0.2)'

    The 'fillcolor' property is a color and may be specified as:
      - A hex string (e.g. '#ff0000')
      - An rgb/rgba string (e.g. 'rgb(255,0,0)')
      - An hsl/hsla string (e.g. 'hsl(0,100%,50%)')
      - An hsv/hsva string (e.g. 'hsv(0,100%,100%)')
      - A named CSS color: see https://plotly.com/python/css-colors/ for a list
2025-12-07 16:20:38,051 - __main__ - ERROR - Chart update error: 
    Invalid value of type 'builtins.str' received for the 'fillcolor' property of scatter
        Received value: 'rgba(1f77b4, 0.2)'

    The 'fillcolor' property is a color and may be specified as:
      - A hex string (e.g. '#ff0000')
      - An rgb/rgba string (e.g. 'rgb(255,0,0)')
      - An hsl/hsla string (e.g. 'hsl(0,100%,50%)')
      - An hsv/hsva string (e.g. 'hsv(0,100%,100%)')
      - A named CSS color: see https://plotly.com/python/css-colors/ for a list
2025-12-07 16:20:39,295 - __main__ - ERROR - Chart update error: 
    Invalid value of type 'builtins.str' received for the 'fillcolor' property of scatter
        Received value: 'rgba(1f77b4, 0.2)'

    The 'fillcolor' property is a color and may be specified as:
      - A hex string (e.g. '#ff0000')
      - An rgb/rgba string (e.g. 'rgb(255,0,0)')
      - An hsl/hsla string (e.g. 'hsl(0,100%,50%)')
      - An hsv/hsva string (e.g. 'hsv(0,100%,100%)')
      - A named CSS color: see https://plotly.com/python/css-colors/ for a list
2025-12-07 16:20:40,499 - __main__ - ERROR - Chart update error: 
    Invalid value of type 'builtins.str' received for the 'fillcolor' property of scatter
        Received value: 'rgba(1f77b4, 0.2)'

    The 'fillcolor' property is a color and may be specified as:
      - A hex string (e.g. '#ff0000')
      - An rgb/rgba string (e.g. 'rgb(255,0,0)')
      - An hsl/hsla string (e.g. 'hsl(0,100%,50%)')
      - An hsv/hsva string (e.g. 'hsv(0,100%,100%)')
      - A named CSS color: see https://plotly.com/python/css-colors/ for a list
2025-12-07 16:20:41,773 - __main__ - ERROR - Chart update error: 
    Invalid value of type 'builtins.str' received for the 'fillcolor' property of scatter
        Received value: 'rgba(1f77b4, 0.2)'

    The 'fillcolor' property is a color and may be specified as:
      - A hex string (e.g. '#ff0000')
      - An rgb/rgba string (e.g. 'rgb(255,0,0)')
      - An hsl/hsla string (e.g. 'hsl(0,100%,50%)')
      - An hsv/hsva string (e.g. 'hsv(0,100%,100%)')
      - A named CSS color: see https://plotly.com/python/css-colors/ for a list
2025-12-07 16:20:43,049 - __main__ - ERROR - Chart update error: 
    Invalid value of type 'builtins.str' received for the 'fillcolor' property of scatter
        Received value: 'rgba(1f77b4, 0.2)'

    The 'fillcolor' property is a color and may be specified as:
      - A hex string (e.g. '#ff0000')
      - An rgb/rgba string (e.g. 'rgb(255,0,0)')
      - An hsl/hsla string (e.g. 'hsl(0,100%,50%)')
      - An hsv/hsva string (e.g. 'hsv(0,100%,100%)')
      - A named CSS color: see https://plotly.com/python/css-colors/ for a list
2025-12-07 16:20:44,198 - __main__ - ERROR - Chart update error: 
    Invalid value of type 'builtins.str' received for the 'fillcolor' property of scatter
        Received value: 'rgba(1f77b4, 0.2)'

    The 'fillcolor' property is a color and may be specified as:
      - A hex string (e.g. '#ff0000')
      - An rgb/rgba string (e.g. 'rgb(255,0,0)')
      - An hsl/hsla string (e.g. 'hsl(0,100%,50%)')
      - An hsv/hsva string (e.g. 'hsv(0,100%,100%)')
      - A named CSS color: see https://plotly.com/python/css-colors/ for a list
2025-12-07 16:20:45,378 - __main__ - ERROR - Chart update error: 
    Invalid value of type 'builtins.str' received for the 'fillcolor' property of scatter
        Received value: 'rgba(1f77b4, 0.2)'

    The 'fillcolor' property is a color and may be specified as:
      - A hex string (e.g. '#ff0000')
      - An rgb/rgba string (e.g. 'rgb(255,0,0)')
      - An hsl/hsla string (e.g. 'hsl(0,100%,50%)')
      - An hsv/hsva string (e.g. 'hsv(0,100%,100%)')
      - A named CSS color: see https://plotly.com/python/css-colors/ for a list
2025-12-07 16:20:46,577 - __main__ - ERROR - Chart update error: 
    Invalid value of type 'builtins.str' received for the 'fillcolor' property of scatter
        Received value: 'rgba(1f77b4, 0.2)'

    The 'fillcolor' property is a color and may be specified as:
      - A hex string (e.g. '#ff0000')
      - An rgb/rgba string (e.g. 'rgb(255,0,0)')
      - An hsl/hsla string (e.g. 'hsl(0,100%,50%)')
      - An hsv/hsva string (e.g. 'hsv(0,100%,100%)')
      - A named CSS color: see https://plotly.com/python/css-colors/ for a list
2025-12-07 16:20:47,074 - __main__ - INFO - Cleaning up resources...
